# JRE version: Java(TM) SE Runtime Environment (8.0_152-b16) (build 1.8.0_152-b16)
# Java VM: Java HotSpot(TM) 64-Bit Server VM (25.152-b16 mixed mode bsd-amd64 compressed oops)
Heap:
 PSYoungGen      total 848896K, used 12001K [0x000000076ab00000, 0x00000007ab700000, 0x00000007c0000000)
  eden space 748032K, 0% used [0x000000076ab00000,0x000000076b0b31a8,0x0000000798580000)
  from space 100864K, 6% used [0x0000000798580000,0x0000000798b85538,0x000000079e800000)
  to   space 97280K, 0% used [0x00000007a5800000,0x00000007a5800000,0x00000007ab700000)
 ParOldGen       total 1984000K, used 1507806K [0x00000006c0000000, 0x0000000739180000, 0x000000076ab00000)
  object space 1984000K, 75% used [0x00000006c0000000,0x000000071c077998,0x0000000739180000)
 Metaspace       used 14635K, capacity 15022K, committed 15232K, reserved 1062912K
  class space    used 1544K, capacity 1653K, committed 1664K, reserved 1048576K
GC Heap History (10 events):
Event: 331.071 GC heap before
{Heap before GC invocations=18 (full 7):
 PSYoungGen      total 584704K, used 491520K [0x000000076ab00000, 0x0000000796000000, 0x00000007c0000000)
  eden space 491520K, 100% used [0x000000076ab00000,0x0000000788b00000,0x0000000788b00000)
  from space 93184K, 0% used [0x000000078f680000,0x000000078f680000,0x0000000795180000)
  to   space 109056K, 0% used [0x0000000788b00000,0x0000000788b00000,0x000000078f580000)
 ParOldGen       total 1984000K, used 1506392K [0x00000006c0000000, 0x0000000739180000, 0x000000076ab00000)
  object space 1984000K, 75% used [0x00000006c0000000,0x000000071bf163e8,0x0000000739180000)
 Metaspace       used 14155K, capacity 14464K, committed 14720K, reserved 1062912K
  class space    used 1527K, capacity 1620K, committed 1664K, reserved 1048576K
Event: 331.085 GC heap after
Heap after GC invocations=18 (full 7):
 PSYoungGen      total 600576K, used 6328K [0x000000076ab00000, 0x000000079f700000, 0x00000007c0000000)
  eden space 491520K, 0% used [0x000000076ab00000,0x000000076ab00000,0x0000000788b00000)
  from space 109056K, 5% used [0x0000000788b00000,0x000000078912e1c8,0x000000078f580000)
  to   space 108032K, 0% used [0x0000000798d80000,0x0000000798d80000,0x000000079f700000)
 ParOldGen       total 1984000K, used 1506400K [0x00000006c0000000, 0x0000000739180000, 0x000000076ab00000)
  object space 1984000K, 75% used [0x00000006c0000000,0x000000071bf183e8,0x0000000739180000)
 Metaspace       used 14155K, capacity 14464K, committed 14720K, reserved 1062912K
  class space    used 1527K, capacity 1620K, committed 1664K, reserved 1048576K
}
Event: 546.509 GC heap before
{Heap before GC invocations=19 (full 7):
 PSYoungGen      total 600576K, used 497848K [0x000000076ab00000, 0x000000079f700000, 0x00000007c0000000)
  eden space 491520K, 100% used [0x000000076ab00000,0x0000000788b00000,0x0000000788b00000)
  from space 109056K, 5% used [0x0000000788b00000,0x000000078912e1c8,0x000000078f580000)
  to   space 108032K, 0% used [0x0000000798d80000,0x0000000798d80000,0x000000079f700000)
 ParOldGen       total 1984000K, used 1506400K [0x00000006c0000000, 0x0000000739180000, 0x000000076ab00000)
  object space 1984000K, 75% used [0x00000006c0000000,0x000000071bf183e8,0x0000000739180000)
 Metaspace       used 14429K, capacity 14784K, committed 14976K, reserved 1062912K
  class space    used 1528K, capacity 1620K, committed 1664K, reserved 1048576K
Event: 546.521 GC heap after
Heap after GC invocations=19 (full 7):
 PSYoungGen      total 710144K, used 4783K [0x000000076ab00000, 0x000000079df00000, 0x00000007c0000000)
  eden space 626688K, 0% used [0x000000076ab00000,0x000000076ab00000,0x0000000790f00000)
  from space 83456K, 5% used [0x0000000798d80000,0x000000079922bfa0,0x000000079df00000)
  to   space 106496K, 0% used [0x0000000790f00000,0x0000000790f00000,0x0000000797700000)
 ParOldGen       total 1984000K, used 1507782K [0x00000006c0000000, 0x0000000739180000, 0x000000076ab00000)
  object space 1984000K, 75% used [0x00000006c0000000,0x000000071c071998,0x0000000739180000)
 Metaspace       used 14429K, capacity 14784K, committed 14976K, reserved 1062912K
  class space    used 1528K, capacity 1620K, committed 1664K, reserved 1048576K
}
Event: 734.620 GC heap before
{Heap before GC invocations=20 (full 7):
 PSYoungGen      total 710144K, used 631471K [0x000000076ab00000, 0x000000079df00000, 0x00000007c0000000)
  eden space 626688K, 100% used [0x000000076ab00000,0x0000000790f00000,0x0000000790f00000)
  from space 83456K, 5% used [0x0000000798d80000,0x000000079922bfa0,0x000000079df00000)
  to   space 106496K, 0% used [0x0000000790f00000,0x0000000790f00000,0x0000000797700000)
 ParOldGen       total 1984000K, used 1507782K [0x00000006c0000000, 0x0000000739180000, 0x000000076ab00000)
  object space 1984000K, 75% used [0x00000006c0000000,0x000000071c071998,0x0000000739180000)
 Metaspace       used 14483K, capacity 14792K, committed 14976K, reserved 1062912K
  class space    used 1528K, capacity 1620K, committed 1664K, reserved 1048576K
Event: 734.630 GC heap after
Heap after GC invocations=20 (full 7):
 PSYoungGen      total 733184K, used 5260K [0x000000076ab00000, 0x00000007a6900000, 0x00000007c0000000)
  eden space 626688K, 0% used [0x000000076ab00000,0x000000076ab00000,0x0000000790f00000)
  from space 106496K, 4% used [0x0000000790f00000,0x0000000791423110,0x0000000797700000)
  to   space 103936K, 0% used [0x00000007a0380000,0x00000007a0380000,0x00000007a6900000)
 ParOldGen       total 1984000K, used 1507790K [0x00000006c0000000, 0x0000000739180000, 0x000000076ab00000)
  object space 1984000K, 75% used [0x00000006c0000000,0x000000071c073998,0x0000000739180000)
 Metaspace       used 14483K, capacity 14792K, committed 14976K, reserved 1062912K
  class space    used 1528K, capacity 1620K, committed 1664K, reserved 1048576K
}
Event: 921.632 GC heap before
{Heap before GC invocations=21 (full 7):
 PSYoungGen      total 733184K, used 631948K [0x000000076ab00000, 0x00000007a6900000, 0x00000007c0000000)
  eden space 626688K, 100% used [0x000000076ab00000,0x0000000790f00000,0x0000000790f00000)
  from space 106496K, 4% used [0x0000000790f00000,0x0000000791423110,0x0000000797700000)
  to   space 103936K, 0% used [0x00000007a0380000,0x00000007a0380000,0x00000007a6900000)
 ParOldGen       total 1984000K, used 1507790K [0x00000006c0000000, 0x0000000739180000, 0x000000076ab00000)
  object space 1984000K, 75% used [0x00000006c0000000,0x000000071c073998,0x0000000739180000)
 Metaspace       used 14497K, capacity 14856K, committed 15232K, reserved 1062912K
  class space    used 1528K, capacity 1620K, committed 1664K, reserved 1048576K
Event: 921.639 GC heap after
Heap after GC invocations=21 (full 7):
 PSYoungGen      total 820736K, used 6025K [0x000000076ab00000, 0x00000007a4a80000, 0x00000007c0000000)
  eden space 748032K, 0% used [0x000000076ab00000,0x000000076ab00000,0x0000000798580000)
  from space 72704K, 8% used [0x00000007a0380000,0x00000007a09627e0,0x00000007a4a80000)
  to   space 100864K, 0% used [0x0000000798580000,0x0000000798580000,0x000000079e800000)
 ParOldGen       total 1984000K, used 1507798K [0x00000006c0000000, 0x0000000739180000, 0x000000076ab00000)
  object space 1984000K, 75% used [0x00000006c0000000,0x000000071c075998,0x0000000739180000)
 Metaspace       used 14497K, capacity 14856K, committed 15232K, reserved 1062912K
  class space    used 1528K, capacity 1620K, committed 1664K, reserved 1048576K
}
Event: 1108.744 GC heap before
{Heap before GC invocations=22 (full 7):
 PSYoungGen      total 820736K, used 754057K [0x000000076ab00000, 0x00000007a4a80000, 0x00000007c0000000)
  eden space 748032K, 100% used [0x000000076ab00000,0x0000000798580000,0x0000000798580000)
  from space 72704K, 8% used [0x00000007a0380000,0x00000007a09627e0,0x00000007a4a80000)
  to   space 100864K, 0% used [0x0000000798580000,0x0000000798580000,0x000000079e800000)
 ParOldGen       total 1984000K, used 1507798K [0x00000006c0000000, 0x0000000739180000, 0x000000076ab00000)
  object space 1984000K, 75% used [0x00000006c0000000,0x000000071c075998,0x0000000739180000)
 Metaspace       used 14635K, capacity 15022K, committed 15232K, reserved 1062912K
  class space    used 1544K, capacity 1653K, committed 1664K, reserved 1048576K
Event: 1108.758 GC heap after
Heap after GC invocations=22 (full 7):
 PSYoungGen      total 848896K, used 6165K [0x000000076ab00000, 0x00000007ab700000, 0x00000007c0000000)
  eden space 748032K, 0% used [0x000000076ab00000,0x000000076ab00000,0x0000000798580000)
  from space 100864K, 6% used [0x0000000798580000,0x0000000798b85538,0x000000079e800000)
  to   space 97280K, 0% used [0x00000007a5800000,0x00000007a5800000,0x00000007ab700000)
 ParOldGen       total 1984000K, used 1507806K [0x00000006c0000000, 0x0000000739180000, 0x000000076ab00000)
  object space 1984000K, 75% used [0x00000006c0000000,0x000000071c077998,0x0000000739180000)
 Metaspace       used 14635K, capacity 15022K, committed 15232K, reserved 1062912K
  class space    used 1544K, capacity 1653K, committed 1664K, reserved 1048576K
}

